
Showing logs for build [32mcb-kubecd-environment-pr-1216-9-28tc5-1[0m stage [32mfrom-build-pack[0m and container [32mstep-credential-initializer-8qt4q[0m
{"level":"warn","ts":1582119446.5839126,"logger":"fallback-logger","caller":"logging/config.go:69","msg":"Fetch GitHub commit ID from kodata failed: \"ref: refs/heads/0.8.0-**-support-backwards-incompats\" is not a valid GitHub commit ID"}
{"level":"info","ts":1582119446.60358,"logger":"fallback-logger","caller":"creds-init/main.go:40","msg":"Credentials initialized."}

Showing logs for build [32mcb-kubecd-environment-pr-1216-9-28tc5-1[0m stage [32mfrom-build-pack[0m and container [32mstep-working-dir-initializer-4h72t[0m
{"level":"warn","ts":1582119447.6248147,"logger":"fallback-logger","caller":"logging/config.go:69","msg":"Fetch GitHub commit ID from kodata failed: open /var/run/ko/HEAD: no such file or directory"}
{"level":"info","ts":1582119447.6281352,"logger":"fallback-logger","caller":"bash/main.go:64","msg":"Successfully executed command \"sh -c mkdir -p /workspace/source\"; output "}

Showing logs for build [32mcb-kubecd-environment-pr-1216-9-28tc5-1[0m stage [32mfrom-build-pack[0m and container [32mstep-place-tools[0m

Showing logs for build [32mcb-kubecd-environment-pr-1216-9-28tc5-1[0m stage [32mfrom-build-pack[0m and container [32mstep-git-source-cb-kubecd-environment-pr-1216-9-28tc5-vm28c[0m
{"level":"warn","ts":1582119451.6307564,"logger":"fallback-logger","caller":"logging/config.go:69","msg":"Fetch GitHub commit ID from kodata failed: \"ref: refs/heads/0.8.0-**-support-backwards-incompats\" is not a valid GitHub commit ID"}
{"level":"info","ts":1582119452.7813714,"logger":"fallback-logger","caller":"git/git.go:103","msg":"Successfully cloned https://github.com/cb-kubecd/environment-pr-1216-9-bdd-frontend-staging.git @ master in path /workspace/source"}

Showing logs for build [32mcb-kubecd-environment-pr-1216-9-28tc5-1[0m stage [32mfrom-build-pack[0m and container [32mstep-git-merge[0m
Using SHAs from PULL_REFS=master:3883a4427fd79dbbed4b7718523b2d69bf6ea6ad,1:aeed6bf31a4d7ef3f859ec808075600b074c914e
DEBUG: LC_ALL=C JX_LOG_LEVEL=error git fetch origin --unshallow aeed6bf31a4d7ef3f859ec808075600b074c914e: 3883a4427fd79dbbed4b7718523b2d69bf6ea6ad:
DEBUG: ran git fetch --unshallow origin aeed6bf31a4d7ef3f859ec808075600b074c914e: 3883a4427fd79dbbed4b7718523b2d69bf6ea6ad: in 
DEBUG: LC_ALL=C JX_LOG_LEVEL=error git branch
DEBUG: LC_ALL=C JX_LOG_LEVEL=error git checkout master
DEBUG: ran git checkout master in 
DEBUG: LC_ALL=C JX_LOG_LEVEL=error git reset --hard 3883a4427fd79dbbed4b7718523b2d69bf6ea6ad
DEBUG: ran git reset --hard 3883a4427fd79dbbed4b7718523b2d69bf6ea6ad in 
DEBUG: LC_ALL=C JX_LOG_LEVEL=error git clean -fd .
DEBUG: ran clean --force -d . in 
DEBUG: LC_ALL=C JX_LOG_LEVEL=error git merge aeed6bf31a4d7ef3f859ec808075600b074c914e
DEBUG: ran git merge aeed6bf31a4d7ef3f859ec808075600b074c914e in 
DEBUG: JX_LOG_LEVEL=error LC_ALL=C git log --format=%H%x1f%an%x1f%ae%x1f%cn%x1f%ce%x1f%s%n%b%x1e 3883a4427fd79dbbed4b7718523b2d69bf6ea6ad..HEAD
Merged SHA aeed6bf31a4d7ef3f859ec808075600b074c914e with commit message 'chore: Promote bdd-nh-1582118526 to version 0.0.1' into base branch master

Showing logs for build [32mcb-kubecd-environment-pr-1216-9-28tc5-1[0m stage [32mfrom-build-pack[0m and container [32mstep-build-helm-build[0m
WARNING: No $CHART_REPOSITORY defined so using the default value of: http://jenkins-x-chartmuseum:8080
Adding missing Helm repo: storage.googleapis.com https://storage.googleapis.com/chartmuseum.jenkins-x.io
WARNING: No secrets found on "helm/repos" due: reading the secret "helm/repos" from vault: no secret "helm/repos" not found in vault
Read credentials for https://storage.googleapis.com/chartmuseum.jenkins-x.io from vault helm/repos
Successfully added Helm repository storage.googleapis.com.
Adding missing Helm repo: jenkins-x-chartmuseum http://jenkins-x-chartmuseum:8080
WARNING: No secrets found on "helm/repos" due: reading the secret "helm/repos" from vault: no secret "helm/repos" not found in vault
Read credentials for http://jenkins-x-chartmuseum:8080 from vault helm/repos
Successfully added Helm repository jenkins-x-chartmuseum.
WARNING: No $CHART_REPOSITORY defined so using the default value of: http://jenkins-x-chartmuseum:8080
Adding missing Helm repo: chartmuseum.jenkins-x.io http://chartmuseum.jenkins-x.io
WARNING: No secrets found on "helm/repos" due: reading the secret "helm/repos" from vault: no secret "helm/repos" not found in vault
Read credentials for http://chartmuseum.jenkins-x.io from vault helm/repos
Successfully added Helm repository chartmuseum.jenkins-x.io.
